  stm32f4xx_hal_rcc.c
  stm32f4xx_hal_rcc_ex.c
  stm32f4xx_hal_cortex.c
  stm32f4xx_hal_tim.c
  stm32f4xx_hal_tim_ex.c
  stm32f4xx_hal_uart.c
  stm32f4xx_hal_dma_ex.c
  stm32f4xx_hal_dma.c
  stm32f4xx_hal_pwr.c
  stm32f4xx_hal_pwr_ex.c
  stm32f4xx_hal_spi.c
  stm32f4xx_hal_flash.c
  stm32f4xx_hal_flash_ex.c
  stm32f4xx_hal_flash_ramfunc.c
  stm32f4xx_hal_gpio.c
  startup_stm32f407xx.c
  Linking ../VisualGDB/Debug/MAX7219...
  ------------------- Memory utilization report -------------------
  Used FLASH: 182KB out of 1024KB (17%)
  Used SRAM: 6660 bytes out of 128KB (5%)
  Used CCMRAM: 0 bytes out of 64KB (0%)
